23-Jan-25 22:44:52 - project_logger - INFO - Loading the data into sqlite3 db
23-Jan-25 22:44:52 - project_logger - INFO - Starting 'load_data_from_csv' with arguments: args=('/home/theghost001/Pictures/practice_with_H/data/combined_data.csv',), kwargs={}
23-Jan-25 22:44:52 - project_logger - INFO - 'load_data_from_csv' completed successfully.
23-Jan-25 22:44:52 - project_logger - INFO - Starting 'save_data_to_db' with arguments: args=(      CustomerID DateOfBirth(age)  ProdTaken   Age    TypeofContact  CityTier  \
0         200000          1984-01          1  41.0     Self Enquiry         3   
1         200001          1976-01          0  49.0  Company Invited         1   
2         200002          1988-01          1  37.0     Self Enquiry         1   
3         200003          1992-01          0  33.0  Company Invited         1   
4         200004          1989-01          0  36.0     Self Enquiry         1   
...          ...              ...        ...   ...              ...       ...   
4883      204883          1976-01          1  49.0     Self Enquiry         3   
4884      204884          1997-01          1  28.0  Company Invited         1   
4885      204885          1973-01          1  52.0     Self Enquiry         3   
4886      204886          2006-01          1  19.0     Self Enquiry         3   
4887      204887          1989-01          1  36.0     Self Enquiry         1   

      DurationOfPitch      Occupation  Totalvisiting DateofBirth  ...  \
0                 6.0        Salaried            3.0  2015-04-28  ...   
1                14.0        Salaried            5.0  2010-02-19  ...   
2                 8.0     Free Lancer            3.0  2013-09-11  ...   
3                 9.0        Salaried            3.0  2011-11-12  ...   
4                 8.0  Small Business            2.0  2014-01-19  ...   
...               ...             ...            ...         ...  ...   
4883              9.0  Small Business            4.0  2013-08-11  ...   
4884             31.0        Salaried            6.0  2011-12-26  ...   
4885             17.0        Salaried            7.0  2014-01-14  ...   
4886             16.0  Small Business            5.0  2012-08-30  ...   
4887             14.0        Salaried            6.0  2010-09-06  ...   

      MaritalStatus  NumberOfTrips  Passport PitchSatisfactionScore  OwnCar  \
0            Single            1.0         1                      2       1   
1          Divorced            2.0         0                      3       1   
2            Single            7.0         1                      3       0   
3          Divorced            2.0         1                      5       1   
4          Divorced            1.0         0                      5       1   
...             ...            ...       ...                    ...     ...   
4883      Unmarried            2.0         1                      1       1   
4884         Single            3.0         1                      3       1   
4885        Married            7.0         0                      1       1   
4886         Single            3.0         0                      5       0   
4887      Unmarried            3.0         1                      3       1   

         Designation  MonthlyIncome  Gender  MaritalStatus(Allias)  \
0            Manager        20993.0  Female                     FS   
1            Manager        20130.0    Male                     MD   
2          Executive        17090.0    Male                     MS   
3          Executive        17909.0  Female                     FD   
4          Executive        18468.0    Male                     MD   
...              ...            ...     ...                    ...   
4883         Manager        26576.0    Male                     MU   
4884       Executive        21212.0    Male                     MS   
4885  Senior Manager        31820.0  Female                     FM   
4886       Executive        20289.0    Male                     MS   
4887       Executive        24041.0    Male                     MU   

      NumberOfChildren  
0                    0  
1                    0  
2                    0  
3                    0  
4                    0  
...                ...  
4883                 0  
4884                 0  
4885                 0  
4886                 0  
4887                 0  

[4888 rows x 27 columns], 'travelData', <sqlite3.Connection object at 0x7d394d92c9a0>), kwargs={}
23-Jan-25 22:44:52 - project_logger - ERROR - Error in 'save_data_to_db': 'str' object has no attribute 'to_sql'
23-Jan-25 22:44:52 - project_logger - DEBUG - Traceback:
Traceback (most recent call last):
  File "/home/theghost001/Pictures/practice_with_H/.py/logger.py", line 28, in wrapper
    result = func(*args, **kwargs)
             ^^^^^^^^^^^^^^^^^^^^^
  File "/tmp/ipykernel_46338/1286449725.py", line 31, in save_data_to_db
    df.to_sql(table_name, con, if_exists="replace", index=False)
    ^^^^^^^^^
AttributeError: 'str' object has no attribute 'to_sql'

23-Jan-25 22:44:52 - project_logger - ERROR - Error: 'str' object has no attribute 'to_sql'
23-Jan-25 22:45:32 - project_logger - INFO - Loading the data into sqlite3 db
23-Jan-25 22:45:32 - project_logger - INFO - Starting 'load_data_from_csv' with arguments: args=('/home/theghost001/Pictures/practice_with_H/data/combined_data.csv',), kwargs={}
23-Jan-25 22:45:32 - project_logger - INFO - 'load_data_from_csv' completed successfully.
23-Jan-25 22:45:33 - project_logger - INFO - Starting 'save_data_to_db' with arguments: args=(      CustomerID DateOfBirth(age)  ProdTaken   Age    TypeofContact  CityTier  \
0         200000          1984-01          1  41.0     Self Enquiry         3   
1         200001          1976-01          0  49.0  Company Invited         1   
2         200002          1988-01          1  37.0     Self Enquiry         1   
3         200003          1992-01          0  33.0  Company Invited         1   
4         200004          1989-01          0  36.0     Self Enquiry         1   
...          ...              ...        ...   ...              ...       ...   
4883      204883          1976-01          1  49.0     Self Enquiry         3   
4884      204884          1997-01          1  28.0  Company Invited         1   
4885      204885          1973-01          1  52.0     Self Enquiry         3   
4886      204886          2006-01          1  19.0     Self Enquiry         3   
4887      204887          1989-01          1  36.0     Self Enquiry         1   

      DurationOfPitch      Occupation  Totalvisiting DateofBirth  ...  \
0                 6.0        Salaried            3.0  2015-04-28  ...   
1                14.0        Salaried            5.0  2010-02-19  ...   
2                 8.0     Free Lancer            3.0  2013-09-11  ...   
3                 9.0        Salaried            3.0  2011-11-12  ...   
4                 8.0  Small Business            2.0  2014-01-19  ...   
...               ...             ...            ...         ...  ...   
4883              9.0  Small Business            4.0  2013-08-11  ...   
4884             31.0        Salaried            6.0  2011-12-26  ...   
4885             17.0        Salaried            7.0  2014-01-14  ...   
4886             16.0  Small Business            5.0  2012-08-30  ...   
4887             14.0        Salaried            6.0  2010-09-06  ...   

      MaritalStatus  NumberOfTrips  Passport PitchSatisfactionScore  OwnCar  \
0            Single            1.0         1                      2       1   
1          Divorced            2.0         0                      3       1   
2            Single            7.0         1                      3       0   
3          Divorced            2.0         1                      5       1   
4          Divorced            1.0         0                      5       1   
...             ...            ...       ...                    ...     ...   
4883      Unmarried            2.0         1                      1       1   
4884         Single            3.0         1                      3       1   
4885        Married            7.0         0                      1       1   
4886         Single            3.0         0                      5       0   
4887      Unmarried            3.0         1                      3       1   

         Designation  MonthlyIncome  Gender  MaritalStatus(Allias)  \
0            Manager        20993.0  Female                     FS   
1            Manager        20130.0    Male                     MD   
2          Executive        17090.0    Male                     MS   
3          Executive        17909.0  Female                     FD   
4          Executive        18468.0    Male                     MD   
...              ...            ...     ...                    ...   
4883         Manager        26576.0    Male                     MU   
4884       Executive        21212.0    Male                     MS   
4885  Senior Manager        31820.0  Female                     FM   
4886       Executive        20289.0    Male                     MS   
4887       Executive        24041.0    Male                     MU   

      NumberOfChildren  
0                    0  
1                    0  
2                    0  
3                    0  
4                    0  
...                ...  
4883                 0  
4884                 0  
4885                 0  
4886                 0  
4887                 0  

[4888 rows x 27 columns], 'travelData', <sqlite3.Connection object at 0x7d394cf6e2f0>), kwargs={}
23-Jan-25 22:45:33 - project_logger - ERROR - Error in 'save_data_to_db': 'str' object has no attribute 'to_sql'
23-Jan-25 22:45:33 - project_logger - DEBUG - Traceback:
Traceback (most recent call last):
  File "/home/theghost001/Pictures/practice_with_H/.py/logger.py", line 28, in wrapper
    result = func(*args, **kwargs)
             ^^^^^^^^^^^^^^^^^^^^^
  File "/tmp/ipykernel_46338/2793504848.py", line 31, in save_data_to_db
    df.to_sql(table_name, con, if_exists="replace", index=False)
    ^^^^^^^^^
AttributeError: 'str' object has no attribute 'to_sql'

23-Jan-25 22:45:33 - project_logger - ERROR - Error: 'str' object has no attribute 'to_sql'
23-Jan-25 22:48:38 - project_logger - INFO - Loading the data into sqlite3 db
23-Jan-25 22:48:38 - project_logger - INFO - Starting 'load_data_from_csv' with arguments: args=('/home/theghost001/Pictures/practice_with_H/data/combined_data.csv',), kwargs={}
23-Jan-25 22:48:38 - project_logger - INFO - 'load_data_from_csv' completed successfully.
23-Jan-25 22:48:38 - project_logger - INFO - Starting 'save_data_to_db' with arguments: args=(), kwargs={'con': <sqlite3.Connection object at 0x7d394cfe33d0>, 'df':       CustomerID DateOfBirth(age)  ProdTaken   Age    TypeofContact  CityTier  \
0         200000          1984-01          1  41.0     Self Enquiry         3   
1         200001          1976-01          0  49.0  Company Invited         1   
2         200002          1988-01          1  37.0     Self Enquiry         1   
3         200003          1992-01          0  33.0  Company Invited         1   
4         200004          1989-01          0  36.0     Self Enquiry         1   
...          ...              ...        ...   ...              ...       ...   
4883      204883          1976-01          1  49.0     Self Enquiry         3   
4884      204884          1997-01          1  28.0  Company Invited         1   
4885      204885          1973-01          1  52.0     Self Enquiry         3   
4886      204886          2006-01          1  19.0     Self Enquiry         3   
4887      204887          1989-01          1  36.0     Self Enquiry         1   

      DurationOfPitch      Occupation  Totalvisiting DateofBirth  ...  \
0                 6.0        Salaried            3.0  2015-04-28  ...   
1                14.0        Salaried            5.0  2010-02-19  ...   
2                 8.0     Free Lancer            3.0  2013-09-11  ...   
3                 9.0        Salaried            3.0  2011-11-12  ...   
4                 8.0  Small Business            2.0  2014-01-19  ...   
...               ...             ...            ...         ...  ...   
4883              9.0  Small Business            4.0  2013-08-11  ...   
4884             31.0        Salaried            6.0  2011-12-26  ...   
4885             17.0        Salaried            7.0  2014-01-14  ...   
4886             16.0  Small Business            5.0  2012-08-30  ...   
4887             14.0        Salaried            6.0  2010-09-06  ...   

      MaritalStatus  NumberOfTrips  Passport PitchSatisfactionScore  OwnCar  \
0            Single            1.0         1                      2       1   
1          Divorced            2.0         0                      3       1   
2            Single            7.0         1                      3       0   
3          Divorced            2.0         1                      5       1   
4          Divorced            1.0         0                      5       1   
...             ...            ...       ...                    ...     ...   
4883      Unmarried            2.0         1                      1       1   
4884         Single            3.0         1                      3       1   
4885        Married            7.0         0                      1       1   
4886         Single            3.0         0                      5       0   
4887      Unmarried            3.0         1                      3       1   

         Designation  MonthlyIncome  Gender  MaritalStatus(Allias)  \
0            Manager        20993.0  Female                     FS   
1            Manager        20130.0    Male                     MD   
2          Executive        17090.0    Male                     MS   
3          Executive        17909.0  Female                     FD   
4          Executive        18468.0    Male                     MD   
...              ...            ...     ...                    ...   
4883         Manager        26576.0    Male                     MU   
4884       Executive        21212.0    Male                     MS   
4885  Senior Manager        31820.0  Female                     FM   
4886       Executive        20289.0    Male                     MS   
4887       Executive        24041.0    Male                     MU   

      NumberOfChildren  
0                    0  
1                    0  
2                    0  
3                    0  
4                    0  
...                ...  
4883                 0  
4884                 0  
4885                 0  
4886                 0  
4887                 0  

[4888 rows x 27 columns], 'table_name': 'travelData', 'index': False}
23-Jan-25 22:48:38 - project_logger - INFO - 'save_data_to_db' completed successfully.
23-Jan-25 22:48:38 - project_logger - INFO - Data loaded into sqlite3 db successfully
23-Jan-25 22:51:14 - project_logger - INFO - Loading the data into sqlite3 db
23-Jan-25 22:51:14 - project_logger - INFO - Starting 'load_data_from_csv' with arguments: args=('/home/theghost001/Pictures/practice_with_H/data/combined_data.csv',), kwargs={}
23-Jan-25 22:51:14 - project_logger - INFO - 'load_data_from_csv' completed successfully.
23-Jan-25 22:51:14 - project_logger - INFO - Starting 'save_data_to_db' with arguments: args=(), kwargs={'con': <sqlite3.Connection object at 0x7d3984000a90>, 'df':       CustomerID DateOfBirth(age)  ProdTaken   Age    TypeofContact  CityTier  \
0         200000          1984-01          1  41.0     Self Enquiry         3   
1         200001          1976-01          0  49.0  Company Invited         1   
2         200002          1988-01          1  37.0     Self Enquiry         1   
3         200003          1992-01          0  33.0  Company Invited         1   
4         200004          1989-01          0  36.0     Self Enquiry         1   
...          ...              ...        ...   ...              ...       ...   
4883      204883          1976-01          1  49.0     Self Enquiry         3   
4884      204884          1997-01          1  28.0  Company Invited         1   
4885      204885          1973-01          1  52.0     Self Enquiry         3   
4886      204886          2006-01          1  19.0     Self Enquiry         3   
4887      204887          1989-01          1  36.0     Self Enquiry         1   

      DurationOfPitch      Occupation  Totalvisiting DateofBirth  ...  \
0                 6.0        Salaried            3.0  2015-04-28  ...   
1                14.0        Salaried            5.0  2010-02-19  ...   
2                 8.0     Free Lancer            3.0  2013-09-11  ...   
3                 9.0        Salaried            3.0  2011-11-12  ...   
4                 8.0  Small Business            2.0  2014-01-19  ...   
...               ...             ...            ...         ...  ...   
4883              9.0  Small Business            4.0  2013-08-11  ...   
4884             31.0        Salaried            6.0  2011-12-26  ...   
4885             17.0        Salaried            7.0  2014-01-14  ...   
4886             16.0  Small Business            5.0  2012-08-30  ...   
4887             14.0        Salaried            6.0  2010-09-06  ...   

      MaritalStatus  NumberOfTrips  Passport PitchSatisfactionScore  OwnCar  \
0            Single            1.0         1                      2       1   
1          Divorced            2.0         0                      3       1   
2            Single            7.0         1                      3       0   
3          Divorced            2.0         1                      5       1   
4          Divorced            1.0         0                      5       1   
...             ...            ...       ...                    ...     ...   
4883      Unmarried            2.0         1                      1       1   
4884         Single            3.0         1                      3       1   
4885        Married            7.0         0                      1       1   
4886         Single            3.0         0                      5       0   
4887      Unmarried            3.0         1                      3       1   

         Designation  MonthlyIncome  Gender  MaritalStatus(Allias)  \
0            Manager        20993.0  Female                     FS   
1            Manager        20130.0    Male                     MD   
2          Executive        17090.0    Male                     MS   
3          Executive        17909.0  Female                     FD   
4          Executive        18468.0    Male                     MD   
...              ...            ...     ...                    ...   
4883         Manager        26576.0    Male                     MU   
4884       Executive        21212.0    Male                     MS   
4885  Senior Manager        31820.0  Female                     FM   
4886       Executive        20289.0    Male                     MS   
4887       Executive        24041.0    Male                     MU   

      NumberOfChildren  
0                    0  
1                    0  
2                    0  
3                    0  
4                    0  
...                ...  
4883                 0  
4884                 0  
4885                 0  
4886                 0  
4887                 0  

[4888 rows x 27 columns], 'table_name': 'travelData', 'index': False}
23-Jan-25 22:51:14 - project_logger - INFO - 'save_data_to_db' completed successfully.
23-Jan-25 22:51:14 - project_logger - INFO - Data loaded into sqlite3 db successfully
23-Jan-25 22:51:14 - project_logger - INFO - Connection to the sqlite3 db closed successfully
24-Jan-25 15:33:25 - project_logger - INFO - Loading the data
24-Jan-25 15:33:25 - project_logger - INFO - Loading the data into sqlite3 db
24-Jan-25 15:33:25 - project_logger - ERROR - Error: name 'sqlite3' is not defined
24-Jan-25 15:34:21 - project_logger - INFO - Loading the data
24-Jan-25 15:34:21 - project_logger - INFO - Loading the data into sqlite3 db
24-Jan-25 15:34:21 - project_logger - INFO - Starting 'load_data_from_csv' with arguments: args=('/home/theghost001/Pictures/practice_with_H/data/combined_data.csv',), kwargs={}
24-Jan-25 15:34:21 - project_logger - INFO - 'load_data_from_csv' completed successfully.
24-Jan-25 15:34:21 - project_logger - INFO - Starting 'save_data_to_db' with arguments: args=(), kwargs={'con': <sqlite3.Connection object at 0x79866fc17e20>, 'df':       CustomerID DateOfBirth(age)  ProdTaken   Age    TypeofContact  CityTier  \
0         200000          1984-01          1  41.0     Self Enquiry         3   
1         200001          1976-01          0  49.0  Company Invited         1   
2         200002          1988-01          1  37.0     Self Enquiry         1   
3         200003          1992-01          0  33.0  Company Invited         1   
4         200004          1989-01          0  36.0     Self Enquiry         1   
...          ...              ...        ...   ...              ...       ...   
4883      204883          1976-01          1  49.0     Self Enquiry         3   
4884      204884          1997-01          1  28.0  Company Invited         1   
4885      204885          1973-01          1  52.0     Self Enquiry         3   
4886      204886          2006-01          1  19.0     Self Enquiry         3   
4887      204887          1989-01          1  36.0     Self Enquiry         1   

      DurationOfPitch      Occupation  Totalvisiting DateofBirth  ...  \
0                 6.0        Salaried            3.0  2015-04-28  ...   
1                14.0        Salaried            5.0  2010-02-19  ...   
2                 8.0     Free Lancer            3.0  2013-09-11  ...   
3                 9.0        Salaried            3.0  2011-11-12  ...   
4                 8.0  Small Business            2.0  2014-01-19  ...   
...               ...             ...            ...         ...  ...   
4883              9.0  Small Business            4.0  2013-08-11  ...   
4884             31.0        Salaried            6.0  2011-12-26  ...   
4885             17.0        Salaried            7.0  2014-01-14  ...   
4886             16.0  Small Business            5.0  2012-08-30  ...   
4887             14.0        Salaried            6.0  2010-09-06  ...   

      MaritalStatus  NumberOfTrips  Passport PitchSatisfactionScore  OwnCar  \
0            Single            1.0         1                      2       1   
1          Divorced            2.0         0                      3       1   
2            Single            7.0         1                      3       0   
3          Divorced            2.0         1                      5       1   
4          Divorced            1.0         0                      5       1   
...             ...            ...       ...                    ...     ...   
4883      Unmarried            2.0         1                      1       1   
4884         Single            3.0         1                      3       1   
4885        Married            7.0         0                      1       1   
4886         Single            3.0         0                      5       0   
4887      Unmarried            3.0         1                      3       1   

         Designation  MonthlyIncome  Gender  MaritalStatus(Allias)  \
0            Manager        20993.0  Female                     FS   
1            Manager        20130.0    Male                     MD   
2          Executive        17090.0    Male                     MS   
3          Executive        17909.0  Female                     FD   
4          Executive        18468.0    Male                     MD   
...              ...            ...     ...                    ...   
4883         Manager        26576.0    Male                     MU   
4884       Executive        21212.0    Male                     MS   
4885  Senior Manager        31820.0  Female                     FM   
4886       Executive        20289.0    Male                     MS   
4887       Executive        24041.0    Male                     MU   

      NumberOfChildren  
0                    0  
1                    0  
2                    0  
3                    0  
4                    0  
...                ...  
4883                 0  
4884                 0  
4885                 0  
4886                 0  
4887                 0  

[4888 rows x 27 columns], 'table_name': 'travelData', 'index': False}
24-Jan-25 15:34:21 - project_logger - INFO - 'save_data_to_db' completed successfully.
24-Jan-25 15:34:21 - project_logger - INFO - Data loaded into sqlite3 db successfully
24-Jan-25 15:34:21 - project_logger - INFO - Connection to the sqlite3 db closed successfully
24-Jan-25 20:52:14 - project_logger - INFO - Starting 'univariate_analysis_numerical_features' with arguments: args=(      CustomerID DateOfBirth(age)  ProdTaken   Age    TypeofContact  CityTier  \
0         200000          1984-01          1  41.0     Self Enquiry         3   
1         200001          1976-01          0  49.0  Company Invited         1   
2         200002          1988-01          1  37.0     Self Enquiry         1   
3         200003          1992-01          0  33.0  Company Invited         1   
4         200004          1989-01          0  36.0     Self Enquiry         1   
...          ...              ...        ...   ...              ...       ...   
4883      204883          1976-01          1  49.0     Self Enquiry         3   
4884      204884          1997-01          1  28.0  Company Invited         1   
4885      204885          1973-01          1  52.0     Self Enquiry         3   
4886      204886          2006-01          1  19.0     Self Enquiry         3   
4887      204887          1989-01          1  36.0     Self Enquiry         1   

      DurationOfPitch      Occupation  Totalvisiting DateofBirth  ...  \
0                 6.0        Salaried            3.0  2015-04-28  ...   
1                14.0        Salaried            5.0  2010-02-19  ...   
2                 8.0     Free Lancer            3.0  2013-09-11  ...   
3                 9.0        Salaried            3.0  2011-11-12  ...   
4                 8.0  Small Business            2.0  2014-01-19  ...   
...               ...             ...            ...         ...  ...   
4883              9.0  Small Business            4.0  2013-08-11  ...   
4884             31.0        Salaried            6.0  2011-12-26  ...   
4885             17.0        Salaried            7.0  2014-01-14  ...   
4886             16.0  Small Business            5.0  2012-08-30  ...   
4887             14.0        Salaried            6.0  2010-09-06  ...   

      MaritalStatus  NumberOfTrips  Passport PitchSatisfactionScore  OwnCar  \
0            Single            1.0         1                      2       1   
1          Divorced            2.0         0                      3       1   
2            Single            7.0         1                      3       0   
3          Divorced            2.0         1                      5       1   
4          Divorced            1.0         0                      5       1   
...             ...            ...       ...                    ...     ...   
4883      Unmarried            2.0         1                      1       1   
4884         Single            3.0         1                      3       1   
4885        Married            7.0         0                      1       1   
4886         Single            3.0         0                      5       0   
4887      Unmarried            3.0         1                      3       1   

         Designation  MonthlyIncome  Gender  MaritalStatus(Allias)  \
0            Manager        20993.0  Female                     FS   
1            Manager        20130.0    Male                     MD   
2          Executive        17090.0    Male                     MS   
3          Executive        17909.0  Female                     FD   
4          Executive        18468.0    Male                     MD   
...              ...            ...     ...                    ...   
4883         Manager        26576.0    Male                     MU   
4884       Executive        21212.0    Male                     MS   
4885  Senior Manager        31820.0  Female                     FM   
4886       Executive        20289.0    Male                     MS   
4887       Executive        24041.0    Male                     MU   

      NumberOfChildren  
0                    0  
1                    0  
2                    0  
3                    0  
4                    0  
...                ...  
4883                 0  
4884                 0  
4885                 0  
4886                 0  
4887                 0  

[4888 rows x 27 columns], ['CustomerID', 'ProdTaken', 'Age', 'CityTier', 'DurationOfPitch', 'Totalvisiting', 'Date(birth)', 'Month(birth)', 'Year(birth)', 'NumberOfFollowups', 'PreferredPropertyStar', 'NumberOfTrips', 'Passport', 'PitchSatisfactionScore', 'OwnCar', 'MonthlyIncome', 'NumberOfChildren']), kwargs={}
24-Jan-25 20:52:25 - project_logger - INFO - 'univariate_analysis_numerical_features' completed successfully.
